c:\users\vikto\desktop\fmi\second_semester\oop\homeworkup2\homeworkup2\x64\debug\vc143.pdb
c:\users\vikto\desktop\fmi\second_semester\oop\homeworkup2\homeworkup2\x64\debug\vc143.idb
c:\users\vikto\desktop\fmi\second_semester\oop\homeworkup2\homeworkup2\x64\debug\pair.obj
c:\users\vikto\desktop\fmi\second_semester\oop\homeworkup2\homeworkup2\x64\debug\minpartialfunction.obj
c:\users\vikto\desktop\fmi\second_semester\oop\homeworkup2\homeworkup2\x64\debug\minandmaxpartialfunction.obj
c:\users\vikto\desktop\fmi\second_semester\oop\homeworkup2\homeworkup2\x64\debug\maxpartialfunction.obj
c:\users\vikto\desktop\fmi\second_semester\oop\homeworkup2\homeworkup2\x64\debug\homeworkup2.obj
c:\users\vikto\desktop\fmi\second_semester\oop\homeworkup2\homeworkup2\x64\debug\funcwithspecificvalues.obj
c:\users\vikto\desktop\fmi\second_semester\oop\homeworkup2\homeworkup2\x64\debug\funcwithexcludedpoints.obj
c:\users\vikto\desktop\fmi\second_semester\oop\homeworkup2\homeworkup2\x64\debug\funcreturningoneorzero.obj
c:\users\vikto\desktop\fmi\second_semester\oop\homeworkup2\homeworkup2\x64\debug\funcfactory.obj
c:\users\vikto\desktop\fmi\second_semester\oop\homeworkup2\homeworkup2\x64\debug\func.obj
c:\users\vikto\desktop\fmi\second_semester\oop\homeworkup2\x64\debug\homeworkup2.exe
c:\users\vikto\desktop\fmi\second_semester\oop\homeworkup2\x64\debug\homeworkup2.pdb
c:\users\vikto\desktop\fmi\second_semester\oop\homeworkup2\homeworkup2\x64\debug\homeworkup2.ilk
c:\users\vikto\desktop\fmi\second_semester\oop\homeworkup2\homeworkup2\x64\debug\funcfactory.obj.enc
c:\users\vikto\desktop\fmi\second_semester\oop\homeworkup2\homeworkup2\x64\debug\homeworkup2.obj.enc
c:\users\vikto\desktop\fmi\second_semester\oop\homeworkup2\homeworkup2\x64\debug\homeworkup2.tlog\cl.command.1.tlog
c:\users\vikto\desktop\fmi\second_semester\oop\homeworkup2\homeworkup2\x64\debug\homeworkup2.tlog\cl.items.tlog
c:\users\vikto\desktop\fmi\second_semester\oop\homeworkup2\homeworkup2\x64\debug\homeworkup2.tlog\cl.read.1.tlog
c:\users\vikto\desktop\fmi\second_semester\oop\homeworkup2\homeworkup2\x64\debug\homeworkup2.tlog\cl.write.1.tlog
c:\users\vikto\desktop\fmi\second_semester\oop\homeworkup2\homeworkup2\x64\debug\homeworkup2.tlog\link.command.1.tlog
c:\users\vikto\desktop\fmi\second_semester\oop\homeworkup2\homeworkup2\x64\debug\homeworkup2.tlog\link.read.1.tlog
c:\users\vikto\desktop\fmi\second_semester\oop\homeworkup2\homeworkup2\x64\debug\homeworkup2.tlog\link.secondary.1.tlog
c:\users\vikto\desktop\fmi\second_semester\oop\homeworkup2\homeworkup2\x64\debug\homeworkup2.tlog\link.write.1.tlog
